0 info it worked if it ends with ok
1 verbose cli [ 'C:\\Program Files\\nodejs\\node.exe',
1 verbose cli   'C:\\Users\\asus\\AppData\\Roaming\\npm\\node_modules\\npm\\bin\\npm-cli.js',
1 verbose cli   'run',
1 verbose cli   'build' ]
2 info using npm@3.10.8
3 info using node@v4.4.7
4 verbose run-script [ 'prebuild', 'build', 'postbuild' ]
5 info lifecycle slotclient@1.0.0~prebuild: slotclient@1.0.0
6 silly lifecycle slotclient@1.0.0~prebuild: no script for prebuild, continuing
7 info lifecycle slotclient@1.0.0~build: slotclient@1.0.0
8 verbose lifecycle slotclient@1.0.0~build: unsafe-perm in lifecycle true
9 verbose lifecycle slotclient@1.0.0~build: PATH: C:\Users\asus\AppData\Roaming\npm\node_modules\npm\bin\node-gyp-bin;D:\HTML5\SlotClient\node_modules\.bin;C:\Users\asus\AppData\Roaming\npm;C:\Program Files\nodejs\;C:\ProgramData\Oracle\Java\javapath;C:\Program Files (x86)\Intel\iCLS Client\;C:\Program Files\Intel\iCLS Client\;C:\Windows\system32;C:\Windows;C:\Windows\System32\Wbem;C:\Windows\System32\WindowsPowerShell\v1.0\;C:\Program Files (x86)\Intel\Intel(R) Management Engine Components\DAL;C:\Program Files\Intel\Intel(R) Management Engine Components\DAL;C:\Program Files (x86)\Intel\Intel(R) Management Engine Components\IPT;C:\Program Files\Intel\Intel(R) Management Engine Components\IPT;C:\Program Files (x86)\NVIDIA Corporation\PhysX\Common;C:\Program Files\Intel\WiFi\bin\;C:\Program Files\Common Files\Intel\WirelessCommon\;C:\WINDOWS\system32;C:\WINDOWS;C:\WINDOWS\System32\Wbem;C:\WINDOWS\System32\WindowsPowerShell\v1.0\;C:\Program Files (x86)\Windows Kits\8.1\Windows Performance Toolkit\;C:\Program Files\Microsoft SQL Server\110\Tools\Binn\;C:\Program Files (x86)\Microsoft SDKs\TypeScript\1.0\;D:\Program Files (x86)\Crytek\CRYENGINE Launcher\Crytek\CRYENGINE_5.1\bin\win_x64;C:\Program Files (x86)\Skype\Phone\;C:\Program Files\nodejs\;C:\Program Files (x86)\GtkSharp\2.12\bin;D:\Program Files (x86)\GitExtensions\;C:\Program Files\Git\cmd;C:\Program Files (x86)\Windows Kits\10\Windows Performance Toolkit\;d:\HaxeToolkit\haxe\;d:\HaxeToolkit\neko;C:\Users\asus\AppData\Local\Programs\Python\Python35-32\Scripts\;C:\Users\asus\AppData\Local\Programs\Python\Python35-32\;d:\Program Files (x86)\Microsoft VS Code\bin;C:\Users\asus\AppData\Roaming\npm;C:\Users\asus\AppData\Local\Microsoft\WindowsApps
10 verbose lifecycle slotclient@1.0.0~build: CWD: D:\HTML5\SlotClient
11 silly lifecycle slotclient@1.0.0~build: Args: [ '/d /s /c', 'browserify app.js -o bundle.js' ]
12 silly lifecycle slotclient@1.0.0~build: Returned: code: 1  signal: null
13 info lifecycle slotclient@1.0.0~build: Failed to exec build script
14 verbose stack Error: slotclient@1.0.0 build: `browserify app.js -o bundle.js`
14 verbose stack Exit status 1
14 verbose stack     at EventEmitter.<anonymous> (C:\Users\asus\AppData\Roaming\npm\node_modules\npm\lib\utils\lifecycle.js:255:16)
14 verbose stack     at emitTwo (events.js:87:13)
14 verbose stack     at EventEmitter.emit (events.js:172:7)
14 verbose stack     at ChildProcess.<anonymous> (C:\Users\asus\AppData\Roaming\npm\node_modules\npm\lib\utils\spawn.js:40:14)
14 verbose stack     at emitTwo (events.js:87:13)
14 verbose stack     at ChildProcess.emit (events.js:172:7)
14 verbose stack     at maybeClose (internal/child_process.js:827:16)
14 verbose stack     at Process.ChildProcess._handle.onexit (internal/child_process.js:211:5)
15 verbose pkgid slotclient@1.0.0
16 verbose cwd D:\HTML5\SlotClient\src
17 error Windows_NT 10.0.14393
18 error argv "C:\\Program Files\\nodejs\\node.exe" "C:\\Users\\asus\\AppData\\Roaming\\npm\\node_modules\\npm\\bin\\npm-cli.js" "run" "build"
19 error node v4.4.7
20 error npm  v3.10.8
21 error code ELIFECYCLE
22 error slotclient@1.0.0 build: `browserify app.js -o bundle.js`
22 error Exit status 1
23 error Failed at the slotclient@1.0.0 build script 'browserify app.js -o bundle.js'.
23 error Make sure you have the latest version of node.js and npm installed.
23 error If you do, this is most likely a problem with the slotclient package,
23 error not with npm itself.
23 error Tell the author that this fails on your system:
23 error     browserify app.js -o bundle.js
23 error You can get information on how to open an issue for this project with:
23 error     npm bugs slotclient
23 error Or if that isn't available, you can get their info via:
23 error     npm owner ls slotclient
23 error There is likely additional logging output above.
24 verbose exit [ 1, true ]
